<?xml version="1.0" encoding="UTF-8"?>
<testng-results ignored="0" total="1" passed="1" failed="0" skipped="0">
  <reporter-output>
    <line>
      <![CDATA[Open browser]]>
    </line>
    <line>
      <![CDATA[Login]]>
    </line>
    <line>
      <![CDATA[Create module]]>
    </line>
    <line>
      <![CDATA[Logout]]>
    </line>
    <line>
      <![CDATA[Close browser]]>
    </line>
  </reporter-output>
  <suite started-at="2022-05-08T11:39:36 IST" name="Default suite" finished-at="2022-05-08T11:40:56 IST" duration-ms="80384">
    <groups>
    </groups>
    <test started-at="2022-05-08T11:39:36 IST" name="Default test" finished-at="2022-05-08T11:40:56 IST" duration-ms="80384">
      <class name="com.actitime.testscripts.CustomerModule">
        <test-method is-config="true" signature="openBrowser()[pri:0, instance:com.actitime.testscripts.CustomerModule@10d307f1]" started-at="2022-05-08T11:39:36 IST" name="openBrowser" finished-at="2022-05-08T11:39:44 IST" duration-ms="8267" status="PASS">
          <reporter-output>
            <line>
              <![CDATA[Open browser]]>
            </line>
          </reporter-output>
        </test-method> <!-- openBrowser -->
        <test-method is-config="true" signature="login()[pri:0, instance:com.actitime.testscripts.CustomerModule@10d307f1]" started-at="2022-05-08T11:39:44 IST" name="login" finished-at="2022-05-08T11:40:35 IST" duration-ms="50721" status="PASS">
          <reporter-output>
            <line>
              <![CDATA[Login]]>
            </line>
          </reporter-output>
        </test-method> <!-- login -->
        <test-method signature="testCreateModule()[pri:0, instance:com.actitime.testscripts.CustomerModule@10d307f1]" started-at="2022-05-08T11:40:35 IST" name="testCreateModule" finished-at="2022-05-08T11:40:36 IST" duration-ms="1473" status="PASS">
          <reporter-output>
            <line>
              <![CDATA[Create module]]>
            </line>
          </reporter-output>
        </test-method> <!-- testCreateModule -->
        <test-method is-config="true" signature="logout()[pri:0, instance:com.actitime.testscripts.CustomerModule@10d307f1]" started-at="2022-05-08T11:40:36 IST" name="logout" finished-at="2022-05-08T11:40:56 IST" duration-ms="19717" status="PASS">
          <reporter-output>
            <line>
              <![CDATA[Logout]]>
            </line>
          </reporter-output>
        </test-method> <!-- logout -->
        <test-method is-config="true" signature="closeBrowser()[pri:0, instance:com.actitime.testscripts.CustomerModule@10d307f1]" started-at="2022-05-08T11:40:56 IST" name="closeBrowser" finished-at="2022-05-08T11:40:56 IST" duration-ms="2" status="PASS">
          <reporter-output>
            <line>
              <![CDATA[Close browser]]>
            </line>
          </reporter-output>
        </test-method> <!-- closeBrowser -->
      </class> <!-- com.actitime.testscripts.CustomerModule -->
    </test> <!-- Default test -->
  </suite> <!-- Default suite -->
</testng-results>
